II 2015-09-09 14:00:32.403 [pktgen-main.c:417(main)] >>> Packet Burst 32, RX Desc 512, TX Desc 512, mbufs/port 4096, mbuf cache 512
II 2015-09-09 14:00:32.403 [pktgen-port-cfg.c:328(pktgen_config_ports)] Configuring 2 ports, MBUF Size 1920, MBUF Cache Size 512
II 2015-09-09 14:00:32.403 [pktgen-port-cfg.c:390(pktgen_config_ports)] Initialize Port 0 -- TxQ 1, RxQ 1,  Src MAC 52:54:00:e7:b6:8d
II 2015-09-09 14:00:32.403 [pktgen-port-cfg.c:181(pktgen_mbuf_pool_create)]     Create: Default RX  0:0  - Memory used (MBUFs 4096 x (size 1920 + Hdr 128)) + 1581248 =   9737 KB
II 2015-09-09 14:00:32.404 [pktgen-port-cfg.c:411(pktgen_config_ports)] 
II 2015-09-09 14:00:32.404 [pktgen-port-cfg.c:181(pktgen_mbuf_pool_create)]     Create: Default TX  0:0  - Memory used (MBUFs 4096 x (size 1920 + Hdr 128)) + 1581248 =   9737 KB
II 2015-09-09 14:00:32.405 [pktgen-port-cfg.c:181(pktgen_mbuf_pool_create)]     Create: Range TX    0:0  - Memory used (MBUFs 4096 x (size 1920 + Hdr 128)) + 1581248 =   9737 KB
II 2015-09-09 14:00:32.406 [pktgen-port-cfg.c:181(pktgen_mbuf_pool_create)]     Create: Sequence TX 0:0  - Memory used (MBUFs 4096 x (size 1920 + Hdr 128)) + 1581248 =   9737 KB
II 2015-09-09 14:00:32.407 [pktgen-port-cfg.c:181(pktgen_mbuf_pool_create)]     Create: Special TX  0:0  - Memory used (MBUFs   64 x (size 1920 + Hdr 128)) + 1581248 =   1673 KB
II 2015-09-09 14:00:32.407 [pktgen-port-cfg.c:455(pktgen_config_ports)] 
II 2015-09-09 14:00:32.407 [pktgen-port-cfg.c:457(pktgen_config_ports)]                                                                        Port memory used =  40617 KB
II 2015-09-09 14:00:32.407 [pktgen-port-cfg.c:390(pktgen_config_ports)] Initialize Port 1 -- TxQ 1, RxQ 1,  Src MAC 52:54:00:8f:37:9f
II 2015-09-09 14:00:32.407 [pktgen-port-cfg.c:181(pktgen_mbuf_pool_create)]     Create: Default RX  1:0  - Memory used (MBUFs 4096 x (size 1920 + Hdr 128)) + 1581248 =   9737 KB
II 2015-09-09 14:00:32.408 [pktgen-port-cfg.c:411(pktgen_config_ports)] 
II 2015-09-09 14:00:32.408 [pktgen-port-cfg.c:181(pktgen_mbuf_pool_create)]     Create: Default TX  1:0  - Memory used (MBUFs 4096 x (size 1920 + Hdr 128)) + 1581248 =   9737 KB
II 2015-09-09 14:00:32.409 [pktgen-port-cfg.c:181(pktgen_mbuf_pool_create)]     Create: Range TX    1:0  - Memory used (MBUFs 4096 x (size 1920 + Hdr 128)) + 1581248 =   9737 KB
II 2015-09-09 14:00:32.410 [pktgen-port-cfg.c:181(pktgen_mbuf_pool_create)]     Create: Sequence TX 1:0  - Memory used (MBUFs 4096 x (size 1920 + Hdr 128)) + 1581248 =   9737 KB
II 2015-09-09 14:00:32.412 [pktgen-port-cfg.c:181(pktgen_mbuf_pool_create)]     Create: Special TX  1:0  - Memory used (MBUFs   64 x (size 1920 + Hdr 128)) + 1581248 =   1673 KB
II 2015-09-09 14:00:32.412 [pktgen-port-cfg.c:455(pktgen_config_ports)] 
II 2015-09-09 14:00:32.412 [pktgen-port-cfg.c:457(pktgen_config_ports)]                                                                        Port memory used =  40617 KB
II 2015-09-09 14:00:32.412 [pktgen-port-cfg.c:459(pktgen_config_ports)]                                                                       Total memory used =  81234 KB
II 2015-09-09 14:00:32.412 [pktgen-port-cfg.c:489(pktgen_config_ports)] Port  0: Link Up - speed 10000 Mbps - full-duplex <Enable promiscuous mode>
II 2015-09-09 14:00:32.413 [pktgen-port-cfg.c:489(pktgen_config_ports)] Port  1: Link Up - speed 10000 Mbps - full-duplex <Enable promiscuous mode>
II 2015-09-09 14:00:32.413 [pktgen-port-cfg.c:500(pktgen_config_ports)] 
II 2015-09-09 14:00:32.413 [pktgen-main.c:422(main)] 
II 2015-09-09 14:00:32.413 [pktgen-main.c:423(main)] === Display processing on lcore 1
II 2015-09-09 14:00:32.476 [pktgen.c:1045(pktgen_main_rxtx_loop)] === RX/TX processing on lcore  2, rxcnt 1, txcnt 1, port/qid, 0/0
II 2015-09-09 14:00:32.497 [pktgen.c:1045(pktgen_main_rxtx_loop)] === RX/TX processing on lcore  3, rxcnt 1, txcnt 1, port/qid, 1/0
